c:\users\artu\desktop\master\programación de audio\practica 1 - reproducción de buffers\practica 1\programacion2d\project\debug\vc141.pdb
c:\users\artu\desktop\master\programación de audio\practica 1 - reproducción de buffers\practica 1\programacion2d\project\debug\vc141.idb
c:\users\artu\desktop\master\programación de audio\practica 1 - reproducción de buffers\practica 1\programacion2d\project\debug\audiobuffer.obj
c:\users\artu\desktop\master\programación de audio\practica 1 - reproducción de buffers\practica 1\programacion2d\project\debug\audiosource.obj
c:\users\artu\desktop\master\programación de audio\practica 1 - reproducción de buffers\practica 1\programacion2d\project\debug\collider.obj
c:\users\artu\desktop\master\programación de audio\practica 1 - reproducción de buffers\practica 1\programacion2d\project\debug\colliderfunctions.obj
c:\users\artu\desktop\master\programación de audio\practica 1 - reproducción de buffers\practica 1\programacion2d\project\debug\font.obj
c:\users\artu\desktop\master\programación de audio\practica 1 - reproducción de buffers\practica 1\programacion2d\project\debug\listener.obj
c:\users\artu\desktop\master\programación de audio\practica 1 - reproducción de buffers\practica 1\programacion2d\project\debug\main.obj
c:\users\artu\desktop\master\programación de audio\practica 1 - reproducción de buffers\practica 1\programacion2d\project\debug\sprite.obj
c:\users\artu\desktop\master\programación de audio\practica 1 - reproducción de buffers\practica 1\programacion2d\project\debug\text.obj
c:\users\artu\desktop\master\programación de audio\practica 1 - reproducción de buffers\practica 1\programacion2d\project\debug\texturemanager.obj
c:\users\artu\desktop\master\programación de audio\practica 1 - reproducción de buffers\practica 1\programacion2d\project\debug\vec2.obj
c:\users\artu\desktop\master\programación de audio\practica 1 - reproducción de buffers\practica 1\programacion2d\project\debug\world.obj
c:\users\artu\desktop\master\programación de audio\practica 1 - reproducción de buffers\practica 1\programacion2d\project\debug\programacion2d.ilk
c:\users\artu\desktop\master\programación de audio\practica 1 - reproducción de buffers\practica 1\programacion2d\project\debug\programacion2d.exe
c:\users\artu\desktop\master\programación de audio\practica 1 - reproducción de buffers\practica 1\programacion2d\project\debug\programacion2d.pdb
c:\users\artu\desktop\master\programación de audio\practica 1 - reproducción de buffers\practica 1\programacion2d\project\debug\programacion2d.tlog\cl.command.1.tlog
c:\users\artu\desktop\master\programación de audio\practica 1 - reproducción de buffers\practica 1\programacion2d\project\debug\programacion2d.tlog\cl.read.1.tlog
c:\users\artu\desktop\master\programación de audio\practica 1 - reproducción de buffers\practica 1\programacion2d\project\debug\programacion2d.tlog\cl.write.1.tlog
c:\users\artu\desktop\master\programación de audio\practica 1 - reproducción de buffers\practica 1\programacion2d\project\debug\programacion2d.tlog\link.command.1.tlog
c:\users\artu\desktop\master\programación de audio\practica 1 - reproducción de buffers\practica 1\programacion2d\project\debug\programacion2d.tlog\link.read.1.tlog
c:\users\artu\desktop\master\programación de audio\practica 1 - reproducción de buffers\practica 1\programacion2d\project\debug\programacion2d.tlog\link.write.1.tlog
